<?xml version="1.0" encoding="UTF-8"?>
<!-- Generated by org.testng.reporters.JUnitXMLReporter -->
<testsuite hostname="DESKTOP-59LOS9O" ignored="0" name="Test" tests="4" failures="0" timestamp="10 Jun 2022 06:30:25 GMT" time="0.098" errors="0">
  <testcase name="testCase" time="0.0" classname="org.testng.TscBasic"/>
  <testcase name="testCase1" time="0.0" classname="org.testng.TscBasic"/>
  <testcase name="testCase2" time="0.008" classname="org.testng.TscBasic"/>
  <testcase name="testCase3" time="0.008" classname="org.testng.TscBasic"/>
</testsuite> <!-- Test -->
